-------------------------------------------------------------------------------
Test set: Parallel02IT
-------------------------------------------------------------------------------
Tests run: 8, Failures: 0, Errors: 8, Skipped: 0, Time elapsed: 1.347 s <<< FAILURE! - in Parallel02IT
Given I am on the DVLAs Vehicles Information Page(Scenario: Search with an invalid vehicle registration number to validate that the registration is invalid)  Time elapsed: 0.072 s  <<< ERROR!
cucumber.api.PendingException: TODO: implement me

Scenario: Search with an invalid vehicle registration number to validate that the registration is invalid  Time elapsed: 0.077 s  <<< ERROR!
cucumber.api.PendingException: TODO: implement me

And I proceed with checking specific details of vehicles as below:(Scenario: Search with an invalid vehicle registration number to validate that the registration is invalid)  Time elapsed: 0.002 s  <<< ERROR!
cucumber.api.PendingException: TODO: implement me

Scenario: Search with an invalid vehicle registration number to validate that the registration is invalid  Time elapsed: 0.091 s  <<< ERROR!
cucumber.api.PendingException: TODO: implement me

When I input an "invalid vehicleRegNumber" on the searchField and click to continue(Scenario: Search with an invalid vehicle registration number to validate that the registration is invalid)  Time elapsed: 0 s  <<< ERROR!
cucumber.api.PendingException: TODO: implement me

Scenario: Search with an invalid vehicle registration number to validate that the registration is invalid  Time elapsed: 0.058 s  <<< ERROR!
cucumber.api.PendingException: TODO: implement me

Then I should be able to see an "error message" displayed for invalid registration number(Scenario: Search with an invalid vehicle registration number to validate that the registration is invalid)  Time elapsed: 0.033 s  <<< ERROR!
cucumber.api.PendingException: TODO: implement me

Scenario: Search with an invalid vehicle registration number to validate that the registration is invalid  Time elapsed: 0.079 s  <<< ERROR!
cucumber.api.PendingException: TODO: implement me

