-------------------------------------------------------------------------------
Test set: Parallel01IT
-------------------------------------------------------------------------------
Tests run: 8, Failures: 0, Errors: 8, Skipped: 0, Time elapsed: 1.049 s <<< FAILURE! - in Parallel01IT
Given I am on the DVLAs Vehicles Information Page(Scenario: Search with a valid registration number to validate the make and colour of the vehicle.)  Time elapsed: 0.089 s  <<< ERROR!
cucumber.api.PendingException: TODO: implement me

Scenario: Search with a valid registration number to validate the make and colour of the vehicle.  Time elapsed: 0.122 s  <<< ERROR!
cucumber.api.PendingException: TODO: implement me

And I proceed with checking specific details of vehicles as below:(Scenario: Search with a valid registration number to validate the make and colour of the vehicle.)  Time elapsed: 0.064 s  <<< ERROR!
cucumber.api.PendingException: TODO: implement me

Scenario: Search with a valid registration number to validate the make and colour of the vehicle.  Time elapsed: 0.104 s  <<< ERROR!
cucumber.api.PendingException: TODO: implement me

When I input a "valid vehicleRegNumber" and click to continue(Scenario: Search with a valid registration number to validate the make and colour of the vehicle.)  Time elapsed: 0.032 s  <<< ERROR!
cucumber.api.PendingException: TODO: implement me

Scenario: Search with a valid registration number to validate the make and colour of the vehicle.  Time elapsed: 0.042 s  <<< ERROR!
cucumber.api.PendingException: TODO: implement me

Then I should be able to see the "vehicle make" and the "vehicle colour" displayed(Scenario: Search with a valid registration number to validate the make and colour of the vehicle.)  Time elapsed: 0.03 s  <<< ERROR!
cucumber.api.PendingException: TODO: implement me

Scenario: Search with a valid registration number to validate the make and colour of the vehicle.  Time elapsed: 0.033 s  <<< ERROR!
cucumber.api.PendingException: TODO: implement me

