-------------------------------------------------------------------------------
Test set: Parallel03IT
-------------------------------------------------------------------------------
Tests run: 10, Failures: 0, Errors: 10, Skipped: 0, Time elapsed: 0.873 s <<< FAILURE! - in Parallel03IT
Given I am on the DVLAs Vehicles Information Page(Scenario: Inputting  a wrong vehicle registration number should navigate me to the error message page)  Time elapsed: 0.069 s  <<< ERROR!
cucumber.api.PendingException: TODO: implement me

Scenario: Inputting  a wrong vehicle registration number should navigate me to the error message page  Time elapsed: 0.093 s  <<< ERROR!
cucumber.api.PendingException: TODO: implement me

And I proceed with checking specific details of vehicles as below:(Scenario: Inputting  a wrong vehicle registration number should navigate me to the error message page)  Time elapsed: 0.048 s  <<< ERROR!
cucumber.api.PendingException: TODO: implement me

Scenario: Inputting  a wrong vehicle registration number should navigate me to the error message page  Time elapsed: 0.065 s  <<< ERROR!
cucumber.api.PendingException: TODO: implement me

When I input a "wrongVehicle regNumber" on the searchField(Scenario: Inputting  a wrong vehicle registration number should navigate me to the error message page)  Time elapsed: 0.024 s  <<< ERROR!
cucumber.api.PendingException: TODO: implement me

Scenario: Inputting  a wrong vehicle registration number should navigate me to the error message page  Time elapsed: 0.065 s  <<< ERROR!
cucumber.api.PendingException: TODO: implement me

And I click on the continue button(Scenario: Inputting  a wrong vehicle registration number should navigate me to the error message page)  Time elapsed: 0 s  <<< ERROR!
cucumber.api.PendingException: TODO: implement me

Scenario: Inputting  a wrong vehicle registration number should navigate me to the error message page  Time elapsed: 0.007 s  <<< ERROR!
cucumber.api.PendingException: TODO: implement me

Then I should be navigated to an error page with "detailsNotFound error"(Scenario: Inputting  a wrong vehicle registration number should navigate me to the error message page)  Time elapsed: 0.104 s  <<< ERROR!
cucumber.api.PendingException: TODO: implement me

Scenario: Inputting  a wrong vehicle registration number should navigate me to the error message page  Time elapsed: 0.104 s  <<< ERROR!
cucumber.api.PendingException: TODO: implement me

