<?xml version="1.0" encoding="UTF-8"?>
<testsuite xmlns:xsi="http://www.w3.org/2001/XMLSchema-instance" xsi:noNamespaceSchemaLocation="https://maven.apache.org/surefire/maven-surefire-plugin/xsd/surefire-test-report.xsd" name="Parallel10IT" time="0.616" tests="10" errors="10" skipped="0" failures="0">
  <properties>
[...]
</properties>
  <testcase name="Given I am on the DVLAs Vehicles Information Page" classname="| file7.csv |" time="0.03">
    <error message="TODO: implement me" type="cucumber.api.PendingException">cucumber.api.PendingException: TODO: implement me
</error>
    <system-out><![CDATA[@regression
Feature: Validating the details of a vehicle from the DVLA website
  As a user
  I want to be able to input the registration number of a vehicle on the DVLA website
  So that I can validate the authenticity of the vehicle

  Scenario Outline: Search for valid vehicle registration number read from CSV files using the below <file-name> examples # /home/automach/GitHub/E2EDVLA/E2EDVLARepo/IDENTITYE2ETest/src/test/resources/Features/VehicleSearch.feature:25
    When I get test data from CSV file <file-name>
    And I enter a valid vehicle registration number on the searchField and click to continue
    Then I should be able to see the vehicle's make and colour for each registration number entered

    Examples: 
]]></system-out>
  </testcase>
  <testcase name="| file7.csv |" classname="| file7.csv |" time="0.073">
    <error message="TODO: implement me" type="cucumber.api.PendingException">cucumber.api.PendingException: TODO: implement me
</error>
  </testcase>
  <testcase name="| file7.csv |" classname="| file7.csv |" time="0.047">
    <error message="TODO: implement me" type="cucumber.api.PendingException">cucumber.api.PendingException: TODO: implement me
</error>
  </testcase>
  <testcase name="| file7.csv |" classname="| file7.csv |" time="0.025">
    <error message="TODO: implement me" type="cucumber.api.PendingException">cucumber.api.PendingException: TODO: implement me
</error>
  </testcase>
  <testcase name="| file7.csv |" classname="| file7.csv |" time="0.002">
    <error message="TODO: implement me" type="cucumber.api.PendingException">cucumber.api.PendingException: TODO: implement me
</error>
  </testcase>
  <testcase name="| file7.csv |" classname="| file7.csv |" time="0.083">
    <error message="TODO: implement me" type="cucumber.api.PendingException">cucumber.api.PendingException: TODO: implement me
</error>
  </testcase>
  <testcase name="And I proceed with checking specific details of vehicles as below:" classname="| file7.csv |" time="0.002">
    <error message="TODO: implement me" type="cucumber.api.PendingException">cucumber.api.PendingException: TODO: implement me
</error>
  </testcase>
  <testcase name="When I get test data from CSV file file7.csv" classname="| file7.csv |" time="0.024">
    <error message="TODO: implement me" type="cucumber.api.PendingException">cucumber.api.PendingException: TODO: implement me
</error>
    <system-out><![CDATA[
  Background:                                                          # /home/automach/GitHub/E2EDVLA/E2EDVLARepo/IDENTITYE2ETest/src/test/resources/Features/VehicleSearch.feature:7
    Given I am on the DVLAs Vehicles Information Page
    And I proceed with checking specific details of vehicles as below:
]]></system-out>
  </testcase>
  <testcase name="And I enter a valid vehicle registration number on the searchField and click to continue" classname="| file7.csv |" time="0.002">
    <error message="TODO: implement me" type="cucumber.api.PendingException">cucumber.api.PendingException: TODO: implement me
</error>
  </testcase>
  <testcase name="Then I should be able to see the vehicle&apos;s make and colour for each registration number entered" classname="| file7.csv |" time="0.082">
    <error message="TODO: implement me" type="cucumber.api.PendingException">cucumber.api.PendingException: TODO: implement me
</error>
  </testcase>
</testsuite>